<?xml version="1.0" encoding="UTF-8"?>
<testng-results ignored="0" total="1" passed="1" failed="0" skipped="0">
  <reporter-output>
  </reporter-output>
  <suite started-at="2024-07-13T16:01:28 ART" name="Surefire suite" finished-at="2024-07-13T16:01:32 ART" duration-ms="4451">
    <groups>
    </groups>
    <test started-at="2024-07-13T16:01:28 ART" name="Surefire test" finished-at="2024-07-13T16:01:32 ART" duration-ms="4451">
      <class name="day40.ExampleTestngTest">
        <test-method is-config="true" signature="setUp()[pri:0, instance:day40.ExampleTestngTest@1dde4cb2]" started-at="2024-07-13T16:01:28 ART" name="setUp" finished-at="2024-07-13T16:01:30 ART" duration-ms="1901" status="PASS">
          <reporter-output>
          </reporter-output>
        </test-method> <!-- setUp -->
        <test-method signature="testMethod()[pri:0, instance:day40.ExampleTestngTest@1dde4cb2]" started-at="2024-07-13T16:01:30 ART" name="testMethod" finished-at="2024-07-13T16:01:32 ART" duration-ms="2250" status="PASS">
          <reporter-output>
          </reporter-output>
        </test-method> <!-- testMethod -->
        <test-method is-config="true" signature="tearDown()[pri:0, instance:day40.ExampleTestngTest@1dde4cb2]" started-at="2024-07-13T16:01:32 ART" name="tearDown" finished-at="2024-07-13T16:01:32 ART" duration-ms="255" status="PASS">
          <reporter-output>
          </reporter-output>
        </test-method> <!-- tearDown -->
      </class> <!-- day40.ExampleTestngTest -->
    </test> <!-- Surefire test -->
  </suite> <!-- Surefire suite -->
</testng-results>
