<?xml version="1.0" encoding="UTF-8"?>
<!-- Generated by org.testng.reporters.JUnitXMLReporter -->
<testsuite ignored="0" hostname="LAPTOP-MSNTHAPB" failures="0" tests="5" name="Test" time="12.962" errors="0" timestamp="2024-07-14T15:42:44 ART">
  <testcase classname="day42.orangeHRMTTest" name="testCountAndPrintH2Tags" time="5.189"/>
  <testcase classname="day42.orangeHRMTTest" name="testImagePresence" time="0.035"/>
  <testcase classname="day42.FirstTestCaseWtestNg" name="openApp" time="0.0"/>
  <testcase classname="day42.FirstTestCaseWtestNg" name="testH3" time="0.0"/>
  <testcase classname="day42.FirstTestCaseWtestNg" name="endTest" time="0.0"/>
</testsuite> <!-- Test -->
