<?xml version="1.0" encoding="UTF-8"?>
<testsuite xmlns:xsi="http://www.w3.org/2001/XMLSchema-instance" xsi:noNamespaceSchemaLocation="https://maven.apache.org/surefire/maven-surefire-plugin/xsd/surefire-test-report.xsd" version="3.0.2" name="TestSuite" time="5.888" tests="2" errors="0" skipped="0" failures="0">
  <properties>
[...]
</properties>
  <testcase name="testCountAndPrintH2Tags" classname="day42.orangeHRMTTest" time="3.722">
    <system-out><![CDATA[18:54:23.089 [main] DEBUG org.testng.TestNG - suiteXmlPath: "C:\Users\calad\Desktop\java-projects\demo2\testng.xml"
Cantidad de tags h2 en la página: 12
Contenido de h2: Lista de Productos
Contenido de h2: Leche
Contenido de h2: Cereal
Contenido de h2: Huevos
Contenido de h2: Carne
Contenido de h2: Queso
Contenido de h2: Arroz
Contenido de h2: Frijoles
Contenido de h2: Lentejas
Contenido de h2: Avena
Contenido de h2: Pollo
Contenido de h2: Trabajo realizado por C.M F.
]]></system-out>
  </testcase>
  <testcase name="testImagePresence" classname="day42.orangeHRMTTest" time="0.019">
    <system-out><![CDATA[Verificación: Imagen presente en la página
]]></system-out>
  </testcase>
</testsuite>