<?xml version="1.0" encoding="UTF-8"?>
<testng-results ignored="0" total="2" passed="2" failed="0" skipped="0">
  <reporter-output>
  </reporter-output>
  <suite started-at="2024-07-23T15:09:50 ART" name="Suite" finished-at="2024-07-23T15:09:57 ART" duration-ms="7542">
    <groups>
    </groups>
    <test started-at="2024-07-23T15:09:50 ART" name="Test" finished-at="2024-07-23T15:09:57 ART" duration-ms="7542">
      <class name="day42.orangeHRMTTest">
        <test-method is-config="true" signature="setUp()[pri:0, instance:day42.orangeHRMTTest@61322f9d]" started-at="2024-07-23T15:09:50 ART" name="setUp" finished-at="2024-07-23T15:09:54 ART" duration-ms="4093" status="PASS">
          <reporter-output>
          </reporter-output>
        </test-method> <!-- setUp -->
        <test-method signature="testCountAndPrintH2Tags()[pri:0, instance:day42.orangeHRMTTest@61322f9d]" started-at="2024-07-23T15:09:54 ART" name="testCountAndPrintH2Tags" finished-at="2024-07-23T15:09:57 ART" duration-ms="3176" status="PASS">
          <reporter-output>
          </reporter-output>
        </test-method> <!-- testCountAndPrintH2Tags -->
        <test-method signature="testImagePresence()[pri:0, instance:day42.orangeHRMTTest@61322f9d]" started-at="2024-07-23T15:09:57 ART" name="testImagePresence" finished-at="2024-07-23T15:09:57 ART" duration-ms="45" status="PASS">
          <reporter-output>
          </reporter-output>
        </test-method> <!-- testImagePresence -->
        <test-method is-config="true" signature="tearDown()[pri:0, instance:day42.orangeHRMTTest@61322f9d]" started-at="2024-07-23T15:09:57 ART" name="tearDown" finished-at="2024-07-23T15:09:57 ART" duration-ms="188" status="PASS">
          <reporter-output>
          </reporter-output>
        </test-method> <!-- tearDown -->
      </class> <!-- day42.orangeHRMTTest -->
    </test> <!-- Test -->
  </suite> <!-- Suite -->
</testng-results>
